{
  "RSpec": {
    "coverage": {
      "/Users/Mike/code/Ruby/ga-rspec-fib-seq/lib/fib.rb": [
        null,
        null,
        null,
        null,
        null,
        null,
        null,
        null,
        null,
        null,
        null,
        null,
        null,
        null,
        null,
        null,
        null,
        null,
        null,
        null,
        null,
        null,
        null,
        null,
        null,
        null,
        null,
        null,
        1,
        23091,
        23091,
        3,
        23086,
        1,
        23085,
        7695,
        15390,
        7695,
        null,
        7695,
        7695,
        15389,
        7694,
        null,
        0,
        null,
        null
      ]
    },
    "timestamp": 1380828616
  }
}
